<?xml version="1.0" encoding="UTF-8"?>
<testsuite xmlns:xsi="http://www.w3.org/2001/XMLSchema-instance" xsi:noNamespaceSchemaLocation="https://maven.apache.org/surefire/maven-surefire-plugin/xsd/surefire-test-report.xsd" name="com.pc.stock.integration.StockIntegrationTest" time="6.894" tests="4" errors="0" skipped="0" failures="0">
  <properties>
[...]
</properties>
  <testcase name="getStockByIdTest" classname="com.pc.stock.integration.StockIntegrationTest" time="0.18"/>
  <testcase name="getAllStocks" classname="com.pc.stock.integration.StockIntegrationTest" time="0.011"/>
  <testcase name="addStockTest" classname="com.pc.stock.integration.StockIntegrationTest" time="0.152"/>
  <testcase name="updateStockPriceValueTest" classname="com.pc.stock.integration.StockIntegrationTest" time="0.014"/>
</testsuite>